<?xml version="1.0" encoding="UTF-8"?>
<!-- Generated by org.testng.reporters.JUnitReportReporter -->
<testsuite hostname="MacBookPro-407.lan" failures="0" tests="1" name="makemytriptests.CreateAccountTest" time="8.597" errors="0" timestamp="2025-07-13T04:20:34 EDT" skipped="0">
  <testcase classname="makemytriptests.CreateAccountTest" name="validAccount" time="8.597"/>
</testsuite> <!-- makemytriptests.CreateAccountTest -->
